<?xml version="1.0" encoding="UTF-8"?>
<testng-results ignored="0" total="1" passed="1" failed="0" skipped="0">
  <reporter-output>
  </reporter-output>
  <suite started-at="2019-01-21T07:40:56Z" name="Command line suite" finished-at="2019-01-21T07:40:56Z" duration-ms="11">
    <groups>
    </groups>
    <test started-at="2019-01-21T07:40:56Z" name="Command line test" finished-at="2019-01-21T07:40:56Z" duration-ms="11">
      <class name="quickStart.selenium.testMyCoreFramework.AppTest">
        <test-method signature="testApp()[pri:0, instance:testApp(quickStart.selenium.testMyCoreFramework.AppTest)]" started-at="2019-01-21T07:40:56Z" name="testApp" finished-at="2019-01-21T07:40:56Z" duration-ms="2" status="PASS">
          <reporter-output>
          </reporter-output>
        </test-method> <!-- testApp -->
      </class> <!-- quickStart.selenium.testMyCoreFramework.AppTest -->
    </test> <!-- Command line test -->
  </suite> <!-- Command line suite -->
</testng-results>
